# JRE version: Java(TM) SE Runtime Environment (8.0_40-b25) (build 1.8.0_40-b25)
# Java VM: Java HotSpot(TM) 64-Bit Server VM (25.40-b25 mixed mode windows-amd64 compressed oops)
Heap:
 PSYoungGen      total 266240K, used 31879K [0x00000000eab00000, 0x00000000fbd00000, 0x0000000100000000)
  eden space 253440K, 12% used [0x00000000eab00000,0x00000000eca21f70,0x00000000fa280000)
  from space 12800K, 0% used [0x00000000faf80000,0x00000000faf80000,0x00000000fbc00000)
  to   space 13312K, 0% used [0x00000000fa280000,0x00000000fa280000,0x00000000faf80000)
 ParOldGen       total 95232K, used 37552K [0x00000000c0000000, 0x00000000c5d00000, 0x00000000eab00000)
  object space 95232K, 39% used [0x00000000c0000000,0x00000000c24ac028,0x00000000c5d00000)
 Metaspace       used 7795K, capacity 8158K, committed 8320K, reserved 1056768K
  class space    used 739K, capacity 785K, committed 896K, reserved 1048576K
GC Heap History (10 events):
Event: 4.292 GC heap before
{Heap before GC invocations=8 (full 0):
 PSYoungGen      total 140288K, used 133050K [0x00000000eab00000, 0x00000000fbc00000, 0x0000000100000000)
  eden space 126976K, 100% used [0x00000000eab00000,0x00000000f2700000,0x00000000f2700000)
  from space 13312K, 45% used [0x00000000f2700000,0x00000000f2cee9c8,0x00000000f3400000)
  to   space 12800K, 0% used [0x00000000faf80000,0x00000000faf80000,0x00000000fbc00000)
 ParOldGen       total 42496K, used 26896K [0x00000000c0000000, 0x00000000c2980000, 0x00000000eab00000)
  object space 42496K, 63% used [0x00000000c0000000,0x00000000c1a44188,0x00000000c2980000)
 Metaspace       used 7778K, capacity 8158K, committed 8320K, reserved 1056768K
  class space    used 739K, capacity 785K, committed 896K, reserved 1048576K
Event: 4.300 GC heap after
Heap after GC invocations=8 (full 0):
 PSYoungGen      total 266240K, used 9535K [0x00000000eab00000, 0x00000000fbd00000, 0x0000000100000000)
  eden space 253440K, 0% used [0x00000000eab00000,0x00000000eab00000,0x00000000fa280000)
  from space 12800K, 74% used [0x00000000faf80000,0x00000000fb8cffe0,0x00000000fbc00000)
  to   space 13312K, 0% used [0x00000000fa280000,0x00000000fa280000,0x00000000faf80000)
 ParOldGen       total 42496K, used 27840K [0x00000000c0000000, 0x00000000c2980000, 0x00000000eab00000)
  object space 42496K, 65% used [0x00000000c0000000,0x00000000c1b301b8,0x00000000c2980000)
 Metaspace       used 7778K, capacity 8158K, committed 8320K, reserved 1056768K
  class space    used 739K, capacity 785K, committed 896K, reserved 1048576K
}
Event: 4.945 GC heap before
{Heap before GC invocations=9 (full 0):
 PSYoungGen      total 266240K, used 262975K [0x00000000eab00000, 0x00000000fbd00000, 0x0000000100000000)
  eden space 253440K, 100% used [0x00000000eab00000,0x00000000fa280000,0x00000000fa280000)
  from space 12800K, 74% used [0x00000000faf80000,0x00000000fb8cffe0,0x00000000fbc00000)
  to   space 13312K, 0% used [0x00000000fa280000,0x00000000fa280000,0x00000000faf80000)
 ParOldGen       total 42496K, used 27840K [0x00000000c0000000, 0x00000000c2980000, 0x00000000eab00000)
  object space 42496K, 65% used [0x00000000c0000000,0x00000000c1b301b8,0x00000000c2980000)
 Metaspace       used 7789K, capacity 8158K, committed 8320K, reserved 1056768K
  class space    used 739K, capacity 785K, committed 896K, reserved 1048576K
Event: 4.955 GC heap after
Heap after GC invocations=9 (full 0):
 PSYoungGen      total 266752K, used 13040K [0x00000000eab00000, 0x00000000fbd00000, 0x0000000100000000)
  eden space 253440K, 0% used [0x00000000eab00000,0x00000000eab00000,0x00000000fa280000)
  from space 13312K, 97% used [0x00000000fa280000,0x00000000faf3c0a8,0x00000000faf80000)
  to   space 12800K, 0% used [0x00000000faf80000,0x00000000faf80000,0x00000000fbc00000)
 ParOldGen       total 42496K, used 35279K [0x00000000c0000000, 0x00000000c2980000, 0x00000000eab00000)
  object space 42496K, 83% used [0x00000000c0000000,0x00000000c2273d88,0x00000000c2980000)
 Metaspace       used 7789K, capacity 8158K, committed 8320K, reserved 1056768K
  class space    used 739K, capacity 785K, committed 896K, reserved 1048576K
}
Event: 4.955 GC heap before
{Heap before GC invocations=10 (full 1):
 PSYoungGen      total 266752K, used 13040K [0x00000000eab00000, 0x00000000fbd00000, 0x0000000100000000)
  eden space 253440K, 0% used [0x00000000eab00000,0x00000000eab00000,0x00000000fa280000)
  from space 13312K, 97% used [0x00000000fa280000,0x00000000faf3c0a8,0x00000000faf80000)
  to   space 12800K, 0% used [0x00000000faf80000,0x00000000faf80000,0x00000000fbc00000)
 ParOldGen       total 42496K, used 35279K [0x00000000c0000000, 0x00000000c2980000, 0x00000000eab00000)
  object space 42496K, 83% used [0x00000000c0000000,0x00000000c2273d88,0x00000000c2980000)
 Metaspace       used 7789K, capacity 8158K, committed 8320K, reserved 1056768K
  class space    used 739K, capacity 785K, committed 896K, reserved 1048576K
Event: 5.033 GC heap after
Heap after GC invocations=10 (full 1):
 PSYoungGen      total 266752K, used 0K [0x00000000eab00000, 0x00000000fbd00000, 0x0000000100000000)
  eden space 253440K, 0% used [0x00000000eab00000,0x00000000eab00000,0x00000000fa280000)
  from space 13312K, 0% used [0x00000000fa280000,0x00000000fa280000,0x00000000faf80000)
  to   space 12800K, 0% used [0x00000000faf80000,0x00000000faf80000,0x00000000fbc00000)
 ParOldGen       total 66048K, used 31809K [0x00000000c0000000, 0x00000000c4080000, 0x00000000eab00000)
  object space 66048K, 48% used [0x00000000c0000000,0x00000000c1f10470,0x00000000c4080000)
 Metaspace       used 7789K, capacity 8158K, committed 8320K, reserved 1056768K
  class space    used 739K, capacity 785K, committed 896K, reserved 1048576K
}
Event: 5.481 GC heap before
{Heap before GC invocations=11 (full 1):
 PSYoungGen      total 266752K, used 253440K [0x00000000eab00000, 0x00000000fbd00000, 0x0000000100000000)
  eden space 253440K, 100% used [0x00000000eab00000,0x00000000fa280000,0x00000000fa280000)
  from space 13312K, 0% used [0x00000000fa280000,0x00000000fa280000,0x00000000faf80000)
  to   space 12800K, 0% used [0x00000000faf80000,0x00000000faf80000,0x00000000fbc00000)
 ParOldGen       total 66048K, used 31809K [0x00000000c0000000, 0x00000000c4080000, 0x00000000eab00000)
  object space 66048K, 48% used [0x00000000c0000000,0x00000000c1f10470,0x00000000c4080000)
 Metaspace       used 7795K, capacity 8158K, committed 8320K, reserved 1056768K
  class space    used 739K, capacity 785K, committed 896K, reserved 1048576K
Event: 5.492 GC heap after
Heap after GC invocations=11 (full 1):
 PSYoungGen      total 266240K, used 12797K [0x00000000eab00000, 0x00000000fbd00000, 0x0000000100000000)
  eden space 253440K, 0% used [0x00000000eab00000,0x00000000eab00000,0x00000000fa280000)
  from space 12800K, 99% used [0x00000000faf80000,0x00000000fbbff498,0x00000000fbc00000)
  to   space 13312K, 0% used [0x00000000fa280000,0x00000000fa280000,0x00000000faf80000)
 ParOldGen       total 66048K, used 59021K [0x00000000c0000000, 0x00000000c4080000, 0x00000000eab00000)
  object space 66048K, 89% used [0x00000000c0000000,0x00000000c39a3620,0x00000000c4080000)
 Metaspace       used 7795K, capacity 8158K, committed 8320K, reserved 1056768K
  class space    used 739K, capacity 785K, committed 896K, reserved 1048576K
}
Event: 5.492 GC heap before
{Heap before GC invocations=12 (full 2):
 PSYoungGen      total 266240K, used 12797K [0x00000000eab00000, 0x00000000fbd00000, 0x0000000100000000)
  eden space 253440K, 0% used [0x00000000eab00000,0x00000000eab00000,0x00000000fa280000)
  from space 12800K, 99% used [0x00000000faf80000,0x00000000fbbff498,0x00000000fbc00000)
  to   space 13312K, 0% used [0x00000000fa280000,0x00000000fa280000,0x00000000faf80000)
 ParOldGen       total 66048K, used 59021K [0x00000000c0000000, 0x00000000c4080000, 0x00000000eab00000)
  object space 66048K, 89% used [0x00000000c0000000,0x00000000c39a3620,0x00000000c4080000)
 Metaspace       used 7795K, capacity 8158K, committed 8320K, reserved 1056768K
  class space    used 739K, capacity 785K, committed 896K, reserved 1048576K
Event: 5.535 GC heap after
Heap after GC invocations=12 (full 2):
 PSYoungGen      total 266240K, used 0K [0x00000000eab00000, 0x00000000fbd00000, 0x0000000100000000)
  eden space 253440K, 0% used [0x00000000eab00000,0x00000000eab00000,0x00000000fa280000)
  from space 12800K, 0% used [0x00000000faf80000,0x00000000faf80000,0x00000000fbc00000)
  to   space 13312K, 0% used [0x00000000fa280000,0x00000000fa280000,0x00000000faf80000)
 ParOldGen       total 95232K, used 37552K [0x00000000c0000000, 0x00000000c5d00000, 0x00000000eab00000)
  object space 95232K, 39% used [0x00000000c0000000,0x00000000c24ac028,0x00000000c5d00000)
 Metaspace       used 7795K, capacity 8158K, committed 8320K, reserved 1056768K
  class space    used 739K, capacity 785K, committed 896K, reserved 1048576K
}

